\BOOKMARK [0][-]{chapter.1}{\376\377\000C\000h\000a\000p\000t\000e\000r\000\040\0001\000.\000\040\145\160\133\146\127\372\170\100}{}% 1
\BOOKMARK [1][-]{section.1.1}{\376\377\0001\000.\000\040\124\021\221\317\124\214\167\351\226\065}{chapter.1}% 2
\BOOKMARK [1][-]{section.1.2}{\376\377\0002\000.\000\040\133\374\145\160\124\214\120\117\133\374\145\160}{chapter.1}% 3
\BOOKMARK [1][-]{section.1.3}{\376\377\0003\000.\000\040\162\171\137\201\120\074\124\214\162\171\137\201\124\021\221\317}{chapter.1}% 4
\BOOKMARK [1][-]{section.1.4}{\376\377\0004\000.\000\040\151\202\163\207\122\006\136\003\116\016\226\217\147\072\123\330\221\317}{chapter.1}% 5
\BOOKMARK [1][-]{section.1.5}{\376\377\0005\000.\000\040\136\070\211\301\151\202\163\207\122\006\136\003}{chapter.1}% 6
\BOOKMARK [1][-]{section.1.6}{\376\377\0006\000.\000\040\147\037\147\033\060\001\145\271\135\356\060\001\123\117\145\271\135\356\060\001\166\370\121\163\174\373\145\160}{chapter.1}% 7
\BOOKMARK [0][-]{chapter.2}{\376\377\000C\000h\000a\000p\000t\000e\000r\000\040\0002\000.\000\040\147\072\126\150\133\146\116\140\127\372\170\100}{}% 8
\BOOKMARK [1][-]{section.2.1}{\376\377\0001\000.\000\040\000\040\127\372\147\054\151\202\137\365}{chapter.2}% 9
\BOOKMARK [1][-]{section.2.2}{\376\377\0002\000.\000\040\147\072\126\150\133\146\116\140\133\146\116\140\145\271\137\017}{chapter.2}% 10
\BOOKMARK [1][-]{section.2.3}{\376\377\0003\000.\000\040\000\040\122\006\174\173\173\227\154\325}{chapter.2}% 11
\BOOKMARK [1][-]{section.2.4}{\376\377\0004\000.\000\040\0002\000.\0009\000\040\220\073\217\221\126\336\137\122}{chapter.2}% 12
\BOOKMARK [1][-]{section.2.5}{\376\377\0005\000.\000\040\0002\000.\0001\0000\000\040\116\343\116\367\121\375\145\160}{chapter.2}% 13
\BOOKMARK [1][-]{section.2.6}{\376\377\0006\000.\000\040\0002\000.\0001\0001\000\040\143\137\131\061\121\375\145\160}{chapter.2}% 14
\BOOKMARK [1][-]{section.2.7}{\376\377\0007\000.\000\040\000\040\150\257\136\246\116\013\226\115}{chapter.2}% 15
\BOOKMARK [1][-]{section.2.8}{\376\377\0008\000.\000\040\0002\000.\0001\0004\000\040\176\277\140\047\122\044\122\053\122\006\147\220\377\010\000L\000D\000A\377\011}{chapter.2}% 16
\BOOKMARK [1][-]{section.2.9}{\376\377\0009\000.\000\040\116\073\142\020\122\006\122\006\147\220\377\010\000P\000C\000A\377\011}{chapter.2}% 17
\BOOKMARK [1][-]{section.2.10}{\376\377\0001\0000\000.\000\040\000\040\152\041\127\213\213\304\117\060}{chapter.2}% 18
\BOOKMARK [1][-]{section.2.11}{\376\377\0001\0001\000.\000\040\121\263\173\126\150\021}{chapter.2}% 19
\BOOKMARK [1][-]{section.2.12}{\376\377\0001\0002\000.\000\040\000\040\145\057\143\001\124\021\221\317\147\072}{chapter.2}% 20
\BOOKMARK [1][-]{section.2.13}{\376\377\0001\0003\000.\000\040\215\035\123\366\145\257\122\006\174\173\126\150}{chapter.2}% 21
\BOOKMARK [1][-]{section.2.14}{\376\377\0001\0004\000.\000\040\000\040\000E\000M\173\227\154\325}{chapter.2}% 22
\BOOKMARK [1][-]{section.2.15}{\376\377\0001\0005\000.\000\040\000\040\226\115\176\364\124\214\200\132\174\173}{chapter.2}% 23
\BOOKMARK [0][-]{chapter.3}{\376\377\000C\000h\000a\000p\000t\000e\000r\000\040\0003\000.\000\040\155\361\136\246\133\146\116\140\127\372\170\100}{}% 24
\BOOKMARK [1][-]{section.3.1}{\376\377\0001\000.\000\040\127\372\147\054\151\202\137\365}{chapter.3}% 25
\BOOKMARK [1][-]{section.3.2}{\376\377\0002\000.\000\040\177\121\176\334\144\315\117\134\116\016\213\241\173\227}{chapter.3}% 26
\BOOKMARK [1][-]{section.3.3}{\376\377\0003\000.\000\040\000\040\215\205\123\302\145\160}{chapter.3}% 27
\BOOKMARK [1][-]{section.3.4}{\376\377\0004\000.\000\040\000\040\157\300\155\073\121\375\145\160}{chapter.3}% 28
\BOOKMARK [1][-]{section.3.5}{\376\377\0005\000.\000\040\0003\000.\0005\000\040\000B\000a\000t\000c\000h\000\137\000S\000i\000z\000e}{chapter.3}% 29
\BOOKMARK [1][-]{section.3.6}{\376\377\0006\000.\000\040\0003\000.\0006\000\040\137\122\116\000\123\026}{chapter.3}% 30
\BOOKMARK [1][-]{section.3.7}{\376\377\0007\000.\000\040\0003\000.\0007\000\040\230\204\213\255\176\303\116\016\137\256\214\003\000\050\000f\000i\000n\000e\000\040\000t\000u\000n\000i\000n\000g\000\051}{chapter.3}% 31
\BOOKMARK [1][-]{section.3.8}{\376\377\0008\000.\000\040\0003\000.\0008\000\040\147\103\221\315\120\117\135\356\122\035\131\313\123\026}{chapter.3}% 32
\BOOKMARK [1][-]{section.3.9}{\376\377\0009\000.\000\040\0003\000.\0009\000\040\133\146\116\140\163\207}{chapter.3}% 33
\BOOKMARK [1][-]{section.3.10}{\376\377\0001\0000\000.\000\040\000\040\000D\000r\000o\000p\000o\000u\000t\174\373\122\027\225\356\230\230}{chapter.3}% 34
\BOOKMARK [1][-]{section.3.11}{\376\377\0001\0001\000.\000\040\155\361\136\246\133\146\116\140\116\055\136\070\165\050\166\204\145\160\143\156\130\236\137\072\145\271\154\325\377\037}{chapter.3}% 35
\BOOKMARK [1][-]{section.3.12}{\376\377\0001\0002\000.\000\040\131\202\117\125\164\006\211\343\000\040\000I\000n\000t\000e\000r\000n\000a\000l\000\040\000C\000o\000v\000a\000r\000i\000a\000t\000e\000S\000h\000i\000f\000t\377\037}{chapter.3}% 36
\BOOKMARK [1][-]{section.4.3}{\376\377\0003\000.\000\040\0004\000.\0003\000\040\000Z\000F\000N\000e\000t}{chapter.4}% 40
\BOOKMARK [1][-]{section.4.4}{\376\377\0004\000.\000\040\0004\000.\0004\000\040\000N\000e\000t\000w\000o\000r\000k\000\040\000i\000n\000\040\000N\000e\000t\000w\000o\000r\000k}{chapter.4}% 41
\BOOKMARK [1][-]{section.4.6}{\376\377\0006\000.\000\040\0004\000.\0006\000\040\000G\000o\000o\000g\000L\000e\000N\000e\000t}{chapter.4}% 43
\BOOKMARK [1][-]{section.4.7}{\376\377\0007\000.\000\040\000R\000e\000s\000t\000n\000e\000t}{chapter.4}% 44
\BOOKMARK [1][-]{section.4.8}{\376\377\0008\000.\000\040\000D\000e\000n\000s\000e\000n\000e\000t}{chapter.4}% 45
\BOOKMARK [1][-]{section.4.9}{\376\377\0009\000.\000\040\0004\000.\0007\000\040\116\072\116\300\116\110\163\260\127\050\166\204\000C\000N\000N\152\041\127\213\220\375\146\057\127\050\000G\000o\000o\000g\000l\000e\000N\000e\000t\060\001\000V\000G\000G\000N\000e\000t\142\026\200\005\000A\000l\000e\000x\000N\000e\000t\116\012\214\003\145\164\166\204\377\037}{chapter.4}% 46
\BOOKMARK [0][-]{chapter.5}{\376\377\000C\000h\000a\000p\000t\000e\000r\000\040\0005\000.\000\040\137\252\163\257\171\136\176\317\177\121\176\334\000\050\000R\000N\000N\000\051}{}% 47
\BOOKMARK [0][-]{chapter.6}{\376\377\000C\000h\000a\000p\000t\000e\000r\000\040\0006\000.\000\040\137\252\163\257\171\136\176\317\177\121\176\334\000\050\000R\000N\000N\000\051}{}% 48
\BOOKMARK [1][-]{section.6.1}{\376\377\0001\000.\000\040\0006\000.\0001\116\072\116\300\116\110\227\000\211\201\000R\000N\000N\377\037}{chapter.6}% 49
\BOOKMARK [1][-]{section.6.2}{\376\377\0002\000.\000\040\0006\000.\0002\000\040\126\376\211\343\000R\000N\000N\127\372\147\054\176\323\147\204}{chapter.6}% 50
\BOOKMARK [1][-]{section.6.3}{\376\377\0003\000.\000\040\0006\000.\0003\000\040\000R\000N\000N\000s\121\170\127\213\162\171\160\271\377\037}{chapter.6}% 51
\BOOKMARK [1][-]{section.6.4}{\376\377\0004\000.\000\040\0006\000.\0004\000\040\000C\000N\000N\124\214\000R\000N\000N\166\204\123\072\122\053\000\040\377\037}{chapter.6}% 52
\BOOKMARK [1][-]{section.6.5}{\376\377\0005\000.\000\040\0006\000.\0005\000\040\000R\000N\000N\000s\124\214\000F\000N\000N\000s\147\011\116\300\116\110\123\072\122\053\377\037}{chapter.6}% 53
\BOOKMARK [1][-]{section.6.6}{\376\377\0006\000.\000\040\0006\000.\0006\000\040\000R\000N\000N\000s\213\255\176\303\124\214\117\040\176\337\000A\000N\000N\213\255\176\303\137\002\124\014\160\271\377\037}{chapter.6}% 54
\BOOKMARK [1][-]{section.6.7}{\376\377\0007\000.\000\040\0006\000.\0007\000\040\116\072\116\300\116\110\000R\000N\000N\000\040\213\255\176\303\166\204\145\366\120\031\000L\000o\000s\000s\154\342\122\250\137\210\131\047}{chapter.6}% 55
\BOOKMARK [1][-]{section.6.8}{\376\377\0008\000.\000\040\0006\000.\0008\000\040\150\007\121\306\000R\000N\000N\122\115\124\021\217\223\121\372\155\101\172\013}{chapter.6}% 56
\BOOKMARK [1][-]{section.6.9}{\376\377\0009\000.\000\040\0006\000.\0009\000\040\000B\000P\000T\000T\173\227\154\325\143\250\133\374}{chapter.6}% 57
\BOOKMARK [1][-]{section.6.10}{\376\377\0001\0000\000.\000\040\0006\000.\0009\000\040\000R\000N\000N\116\055\116\072\116\300\116\110\117\032\121\372\163\260\150\257\136\246\155\210\131\061\377\037}{chapter.6}% 58
\BOOKMARK [1][-]{section.6.11}{\376\377\0001\0001\000.\000\040\0006\000.\0001\0000\000\040\131\202\117\125\211\343\121\263\000R\000N\000N\116\055\166\204\150\257\136\246\155\210\131\061\225\356\230\230\377\037}{chapter.6}% 59
\BOOKMARK [1][-]{section.6.12}{\376\377\0001\0002\000.\000\040\0006\000.\0001\0001\000\040\000L\000S\000T\000M}{chapter.6}% 60
\BOOKMARK [1][-]{section.6.13}{\376\377\0001\0003\000.\000\040\0006\000.\0001\0002\000\040\000L\000S\000T\000M\000s\116\016\000G\000R\000U\000s\166\204\123\072\122\053}{chapter.6}% 61
\BOOKMARK [1][-]{section.6.14}{\376\377\0001\0004\000.\000\040\0006\000.\0001\0003\000\040\000R\000N\000N\000s\127\050\000N\000L\000P\116\055\121\170\127\213\136\224\165\050\377\037}{chapter.6}% 62
\BOOKMARK [1][-]{section.6.15}{\376\377\0001\0005\000.\000\040\0006\000.\0001\0003\000\040\136\070\211\301\166\204\000R\000N\000N\000s\142\151\134\125\124\214\145\071\217\333\152\041\127\213}{chapter.6}% 63
\BOOKMARK [0][-]{chapter.7}{\376\377\000C\000h\000a\000p\000t\000e\000r\000\040\0007\000.\000\040\165\037\142\020\133\371\142\227\177\121\176\334}{}% 64
\BOOKMARK [1][-]{section.7.1}{\376\377\0001\000.\000\040\0007\000.\0001\000\040\000G\000A\000N\127\372\147\054\151\202\137\365}{chapter.7}% 65
\BOOKMARK [1][-]{section.7.2}{\376\377\0002\000.\000\040\0007\000.\0002\000\040\000G\000A\000N\166\204\165\037\142\020\200\375\122\233\213\304\116\367}{chapter.7}% 66
\BOOKMARK [1][-]{section.7.3}{\376\377\0003\000.\000\040\0007\000.\0003\000\040\121\166\116\326\136\070\211\301\166\204\165\037\142\020\137\017\152\041\127\213\147\011\124\352\116\233\377\037}{chapter.7}% 67
\BOOKMARK [1][-]{section.7.4}{\376\377\0004\000.\000\040\0007\000.\0004\000\040\000G\000A\000N\166\204\145\071\217\333\116\016\117\030\123\026}{chapter.7}% 68
\BOOKMARK [1][-]{section.7.5}{\376\377\0005\000.\000\040\0007\000.\0003\000\040\000G\000A\000N\166\204\136\224\165\050\377\010\126\376\120\317\177\373\213\321\377\011}{chapter.7}% 69
\BOOKMARK [1][-]{section.7.6}{\376\377\0006\000.\000\040\0007\000.\0004\000\040\000G\000A\000N\166\204\136\224\165\050\377\010\145\207\147\054\165\037\142\020\377\011}{chapter.7}% 70
\BOOKMARK [1][-]{section.7.7}{\376\377\0007\000.\000\040\0007\000.\0005\000\040\000G\000A\000N\127\050\121\166\116\326\230\206\127\337\166\204\136\224\165\050}{chapter.7}% 71
\BOOKMARK [1][-]{section.8.6}{\376\377\0006\000.\000\040\0008\000.\0006\000\040\166\356\150\007\150\300\155\113\166\204\136\070\165\050\145\160\143\156\226\306}{chapter.8}% 78
\BOOKMARK [1][-]{section.8.7}{\376\377\0007\000.\000\040\0008\000.\0007\000\040\166\356\150\007\150\300\155\113\136\070\165\050\150\007\154\350\135\345\121\167}{chapter.8}% 79
\BOOKMARK [1][-]{section.8.8}{\376\377\0008\000.\000\040\0008\000.\0008\000\040\166\356\150\007\150\300\155\113\135\345\121\167\124\214\150\106\147\266\377\010\215\041\163\056\200\005\377\032\123\027\116\254\164\006\135\345\131\047\133\146\040\023\146\016\131\107\377\011}{chapter.8}% 80
\BOOKMARK [1][-]{section.8.9}{\376\377\0009\000.\000\040\000T\000O\000D\000O}{chapter.8}% 81
\BOOKMARK [1][-]{section.9.8}{\376\377\0008\000.\000\040\0009\000.\0007\000\040\000P\000S\000P\000N\000e\000t}{chapter.9}% 90
\BOOKMARK [1][-]{section.9.9}{\376\377\0009\000.\000\040\0009\000.\0008\000\040\000D\000e\000e\000p\000L\000a\000b\174\373\122\027}{chapter.9}% 91
\BOOKMARK [1][-]{section.9.14}{\376\377\0001\0004\000.\000\040\0009\000.\0001\0003\000\040\121\150\146\157\122\006\122\162\377\010\215\041\163\056\200\005\377\032\123\027\116\254\164\006\135\345\131\047\133\146\040\023\146\016\131\107\377\011}{chapter.9}% 96
\BOOKMARK [0][-]{chapter.11}{\376\377\000C\000h\000a\000p\000t\000e\000r\000\040\0001\0001\000.\000\040\217\301\171\373\133\146\116\140}{}% 101
\BOOKMARK [1][-]{section.11.1}{\376\377\0001\000.\000\040\217\301\171\373\133\146\116\140\127\372\170\100\167\345\213\306}{chapter.11}% 102
\BOOKMARK [0][-]{chapter.12}{\376\377\000C\000h\000a\000p\000t\000e\000r\000\040\0001\0002\000.\000\040\177\121\176\334\144\055\136\372\123\312\213\255\176\303}{}% 105
\BOOKMARK [1][-]{section.12.1}{\376\377\0001\000.\000\040\000\040\000T\000e\000n\000s\000o\000r\000F\000l\000o\000w}{chapter.12}% 106
\BOOKMARK [1][-]{section.12.2}{\376\377\0002\000.\000\040\000T\000e\000n\000s\000o\000r\000F\000l\000o\000w\146\057\116\300\116\110\377\037}{chapter.12}% 107
\BOOKMARK [1][-]{section.12.3}{\376\377\0003\000.\000\040\000T\000e\000n\000s\000o\000r\000F\000l\000o\000w\166\204\213\276\213\241\164\006\137\365\146\057\116\300\116\110\377\037}{chapter.12}% 108
\BOOKMARK [1][-]{section.12.4}{\376\377\0004\000.\000\040\000T\000e\000n\000s\000o\000r\000F\000l\000o\000w\162\171\160\271\147\011\124\352\116\233\377\037}{chapter.12}% 109
\BOOKMARK [1][-]{section.12.6}{\376\377\0006\000.\000\040\000T\000e\000n\000s\000o\000r\000F\000l\000o\000w\177\026\172\013\152\041\127\213\146\057\140\016\150\067\166\204\377\037}{chapter.12}% 111
\BOOKMARK [1][-]{section.12.7}{\376\377\0007\000.\000\040\131\202\117\125\127\372\116\216\000t\000e\000n\000s\000o\000r\000f\000l\000o\000w\144\055\136\372\000V\000G\000G\0001\0006}{chapter.12}% 112
\BOOKMARK [1][-]{section.12.8}{\376\377\0008\000.\000\040\000P\000y\000t\000o\000r\000c\000h}{chapter.12}% 113
\BOOKMARK [1][-]{section.12.9}{\376\377\0009\000.\000\040\000\040\000P\000y\000t\000o\000r\000c\000h\146\057\116\300\116\110\377\037}{chapter.12}% 114
\BOOKMARK [1][-]{section.12.10}{\376\377\0001\0000\000.\000\040\000\040\116\072\116\300\116\110\220\011\142\351\000P\000y\000t\000o\000r\000c\000h\377\037}{chapter.12}% 115
\BOOKMARK [1][-]{section.12.11}{\376\377\0001\0001\000.\000\040\000\040\000P\000y\000T\000o\000r\000c\000h\166\204\147\266\147\204\146\057\140\016\150\067\166\204\377\037}{chapter.12}% 116
\BOOKMARK [1][-]{section.12.12}{\376\377\0001\0002\000.\000\040\000\040\000P\000y\000t\000o\000r\000c\000h\000\040\116\016\000\040\000t\000e\000n\000s\000o\000r\000f\000l\000o\000w\116\113\225\364\166\204\135\356\137\002\127\050\124\352\221\314\377\037}{chapter.12}% 117
\BOOKMARK [1][-]{section.12.13}{\376\377\0001\0003\000.\000\040\000P\000y\000t\000o\000r\000c\000h\147\011\124\352\116\233\136\070\165\050\135\345\121\167\123\005\377\037}{chapter.12}% 118
\BOOKMARK [1][-]{section.12.14}{\376\377\0001\0004\000.\000\040\000\040\000C\000a\000f\000f\000e}{chapter.12}% 119
\BOOKMARK [1][-]{section.12.15}{\376\377\0001\0005\000.\000\040\000\040\116\300\116\110\146\057\000\040\000C\000a\000f\000f\000e\377\037}{chapter.12}% 120
\BOOKMARK [1][-]{section.12.16}{\376\377\0001\0006\000.\000\040\000C\000a\000f\000f\000e\166\204\162\171\160\271\146\057\116\300\116\110\377\037}{chapter.12}% 121
\BOOKMARK [1][-]{section.12.17}{\376\377\0001\0007\000.\000\040\000C\000a\000f\000f\000e\166\204\213\276\213\241\140\035\140\363\146\057\140\016\150\067\166\204\377\037}{chapter.12}% 122
\BOOKMARK [1][-]{section.12.18}{\376\377\0001\0008\000.\000\040\000C\000a\000f\000f\000e\147\266\147\204\146\057\140\016\150\067\166\204\377\037}{chapter.12}% 123
\BOOKMARK [1][-]{section.12.19}{\376\377\0001\0009\000.\000\040\000C\000a\000f\000f\000e\166\204\147\011\124\352\116\233\143\245\123\343\377\037}{chapter.12}% 124
\BOOKMARK [1][-]{section.12.20}{\376\377\0002\0000\000.\000\040\147\011\124\352\116\233\176\317\121\170\166\204\177\121\176\334\152\041\127\213\120\074\137\227\142\021\116\354\123\273\133\146\116\140\166\204\377\037}{chapter.12}% 125
\BOOKMARK [1][-]{section.12.21}{\376\377\0002\0001\000.\000\040\0001\0000\000.\0006\000\040\177\121\176\334\213\255\176\303\147\011\124\352\116\233\142\200\135\347\124\027\377\037}{chapter.12}% 126
\BOOKMARK [0][-]{chapter.13}{\376\377\000C\000h\000a\000p\000t\000e\000r\000\040\0001\0003\000.\000\040\117\030\123\026\173\227\154\325}{}% 127
\BOOKMARK [1][-]{section.13.1}{\376\377\0001\000.\000\040\131\202\117\125\211\343\121\263\213\255\176\303\150\067\147\054\134\021\166\204\225\356\230\230}{chapter.13}% 128
\BOOKMARK [1][-]{section.13.2}{\376\377\0002\000.\000\040\155\361\136\246\133\146\116\140\146\057\124\046\200\375\200\334\116\373\142\100\147\011\145\160\143\156\226\306\000?}{chapter.13}% 129
\BOOKMARK [1][-]{section.13.3}{\376\377\0003\000.\000\040\147\011\154\241\147\011\123\357\200\375\142\176\122\060\153\324\135\362\167\345\173\227\154\325\146\364\131\175\166\204\173\227\154\325\000?}{chapter.13}% 130
\BOOKMARK [1][-]{section.13.4}{\376\377\0004\000.\000\040\116\300\116\110\146\057\121\161\176\277\140\047\377\014\131\202\117\125\122\044\145\255\124\214\211\343\121\263\121\161\176\277\140\047\225\356\230\230\000?}{chapter.13}% 131
\BOOKMARK [1][-]{section.13.5}{\376\377\0005\000.\000\040\147\103\120\074\122\035\131\313\123\026\145\271\154\325\147\011\124\352\116\233\377\037}{chapter.13}% 132
\BOOKMARK [1][-]{section.13.6}{\376\377\0006\000.\000\040\131\202\117\125\226\062\153\142\150\257\136\246\116\013\226\115\226\167\121\145\134\100\220\350\147\000\117\030\211\343\000?}{chapter.13}% 133
\BOOKMARK [1][-]{section.13.7}{\376\377\0007\000.\000\040\116\072\116\300\116\110\227\000\211\201\157\300\155\073\121\375\145\160\377\037}{chapter.13}% 134
\BOOKMARK [1][-]{section.13.8}{\376\377\0008\000.\000\040\136\070\211\301\166\204\143\137\131\061\121\375\145\160\147\011\124\352\116\233\000?}{chapter.13}% 135
\BOOKMARK [1][-]{section.13.9}{\376\377\0009\000.\000\040\000\040\131\202\117\125\217\333\210\114\162\171\137\201\220\011\142\351\000\050\000f\000e\000a\000t\000u\000r\000e\000\040\000s\000e\000l\000e\000c\000t\000i\000o\000n\000\051\000?}{chapter.13}% 136
\BOOKMARK [1][-]{section.13.10}{\376\377\0001\0000\000.\000\040\150\257\136\246\155\210\131\061\000/\150\257\136\246\162\006\160\270\123\237\126\340\377\014\116\345\123\312\211\343\121\263\145\271\154\325}{chapter.13}% 137
\BOOKMARK [1][-]{section.13.11}{\376\377\0001\0001\000.\000\040\155\361\136\246\133\146\116\140\116\072\116\300\116\110\116\015\165\050\116\214\226\066\117\030\123\026\377\037}{chapter.13}% 138
\BOOKMARK [1][-]{section.13.12}{\376\377\0001\0002\000.\000\040\116\072\116\300\116\110\211\201\213\276\177\156\123\125\116\000\145\160\133\127\213\304\117\060\143\007\150\007\377\014\213\276\177\156\143\007\150\007\166\204\141\017\116\111\377\037}{chapter.13}% 139
\BOOKMARK [1][-]{section.13.13}{\376\377\0001\0003\000.\000\040\213\255\176\303\000/\232\214\213\301\000/\155\113\213\325\226\306\166\204\133\232\116\111\123\312\122\022\122\006}{chapter.13}% 140
\BOOKMARK [1][-]{section.13.14}{\376\377\0001\0004\000.\000\040\116\300\116\110\146\057\000T\000O\000P\0005\225\031\213\357\163\207\377\037}{chapter.13}% 141
\BOOKMARK [1][-]{section.13.15}{\376\377\0001\0005\000.\000\040\116\300\116\110\146\057\154\333\123\026\213\357\135\356\377\014\131\202\117\125\164\006\211\343\145\271\135\356\124\214\120\117\135\356\377\037}{chapter.13}% 142
\BOOKMARK [1][-]{section.13.16}{\376\377\0001\0006\000.\000\040\131\202\117\125\143\320\123\107\152\041\127\213\166\204\172\063\133\232\140\047\377\037}{chapter.13}% 143
\BOOKMARK [1][-]{section.13.17}{\376\377\0001\0007\000.\000\040\147\011\124\352\116\233\145\071\125\204\152\041\127\213\166\204\140\035\215\357}{chapter.13}% 144
\BOOKMARK [1][-]{section.13.18}{\376\377\0001\0008\000.\000\040\131\202\117\125\137\353\220\037\147\204\136\372\147\011\145\110\122\035\131\313\152\041\127\213\377\037}{chapter.13}% 145
\BOOKMARK [1][-]{section.13.19}{\376\377\0001\0009\000.\000\040\131\202\117\125\220\032\217\307\152\041\127\213\221\315\145\260\211\302\133\337\145\160\143\156\377\037}{chapter.13}% 146
\BOOKMARK [1][-]{section.13.20}{\376\377\0002\0000\000.\000\040\131\202\117\125\211\343\121\263\145\160\143\156\116\015\123\071\221\115\225\356\230\230\377\037}{chapter.13}% 147
\BOOKMARK [1][-]{section.14.1}{\376\377\0001\000.\000\040\000\040\215\205\123\302\145\160\151\202\137\365}{chapter.14}% 149
\BOOKMARK [1][-]{section.14.2}{\376\377\0002\000.\000\040\0001\0004\000.\0003\000\040\177\121\176\334\213\255\176\303\116\055\166\204\215\205\123\302\214\003\145\164\173\126\165\145}{chapter.14}% 150
\BOOKMARK [1][-]{section.14.3}{\376\377\0003\000.\000\040\0001\0004\000.\0004\000\040\124\010\164\006\117\177\165\050\230\204\213\255\176\303\177\121\176\334}{chapter.14}% 151
\BOOKMARK [1][-]{section.14.4}{\376\377\0004\000.\000\040\0001\0004\000.\0005\000\040\131\202\117\125\145\071\125\204\000\040\000G\000A\000N\000\040\166\204\140\047\200\375}{chapter.14}% 152
\BOOKMARK [0][-]{chapter.15}{\376\377\000C\000h\000a\000p\000t\000e\000r\000\040\0001\0005\000.\000\040\173\054\123\101\116\224\172\340\000\040\137\002\147\204\213\241\173\227\377\014\000G\000P\000U\124\214\150\106\147\266\220\011\127\213\143\007\123\127}{}% 153
\BOOKMARK [0][-]{chapter.16}{\376\377\000C\000h\000a\000p\000t\000e\000r\000\040\0001\0006\000.\000\040\173\054\123\101\121\155\172\340\000\040\000N\000L\000P}{}% 154
\BOOKMARK [1][-]{section.16.1}{\376\377\0001\000.\000\040\0001\0006\000.\0000\000\040\000N\000L\000P\000\040\123\321\134\125\123\362\173\200\217\360}{chapter.16}% 155
\BOOKMARK [1][-]{section.16.2}{\376\377\0002\000.\000\040\0001\0006\000.\0001\000\040\131\202\117\125\164\006\211\343\136\217\122\027\122\060\136\217\122\027\152\041\127\213\377\037}{chapter.16}% 156
\BOOKMARK [1][-]{section.16.3}{\376\377\0003\000.\000\040\0001\0006\000.\0002\000\040\136\217\122\027\122\060\136\217\122\027\152\041\127\213\147\011\116\300\116\110\226\120\122\066\124\027\377\037}{chapter.16}% 157
\BOOKMARK [1][-]{section.16.4}{\376\377\0004\000.\000\040\0001\0006\000.\0003\000\040\131\202\147\234\116\015\221\307\165\050\136\217\122\027\122\060\136\217\122\027\152\041\127\213\377\014\123\357\116\345\200\003\206\121\165\050\121\166\133\203\152\041\127\213\145\271\154\325\124\027\377\037}{chapter.16}% 158
\BOOKMARK [1][-]{section.16.5}{\376\377\0005\000.\000\040\0001\0006\000.\0004\000\040\131\202\117\125\164\006\211\343\213\315\124\021\221\317\377\037}{chapter.16}% 159
\BOOKMARK [1][-]{section.16.6}{\376\377\0006\000.\000\040\0001\0006\000.\0005\000\040\213\315\124\021\221\317\124\352\133\266\131\175\377\037}{chapter.16}% 160
\BOOKMARK [1][-]{section.16.7}{\376\377\0007\000.\000\040\0001\0006\000.\0006\000\040\211\343\221\312\116\000\116\013\154\350\141\017\122\233\147\072\122\066\166\204\123\237\164\006\377\037}{chapter.16}% 161
\BOOKMARK [1][-]{section.16.8}{\376\377\0008\000.\000\040\0001\0006\000.\0007\000\040\154\350\141\017\122\233\147\072\122\066\146\057\116\015\146\057\220\002\165\050\116\216\142\100\147\011\127\072\146\157\124\142\377\037\133\203\166\204\234\201\150\322\140\047\131\202\117\125\377\037}{chapter.16}% 162
\BOOKMARK [1][-]{section.16.9}{\376\377\0009\000.\000\040\0001\0006\000.\0008\000\040\140\016\116\110\134\006\123\237\147\011\166\204\152\041\127\213\122\240\116\012\154\350\141\017\122\233\147\072\122\066\124\142\377\037}{chapter.16}% 163
\BOOKMARK [1][-]{section.16.10}{\376\377\0001\0000\000.\000\040\0001\0006\000.\0009\000\040\220\032\117\327\127\060\211\343\221\312\116\000\116\013\213\315\154\325\122\006\147\220\146\057\116\300\116\110\377\037\147\011\116\300\116\110\136\224\165\050\127\072\146\157\377\037}{chapter.16}% 164
\BOOKMARK [1][-]{section.16.11}{\376\377\0001\0001\000.\000\040\0001\0006\000.\0001\0000\000\040\155\361\136\246\133\146\116\140\116\055\166\204\213\315\154\325\122\006\147\220\147\011\124\352\116\233\136\070\211\301\152\041\127\213\124\142\377\037}{chapter.16}% 165
\BOOKMARK [1][-]{section.16.12}{\376\377\0001\0002\000.\000\040\0001\0006\000.\0001\0001\000\040\220\032\117\327\127\060\211\343\221\312\116\000\116\013\167\345\213\306\126\376\214\061\146\057\116\300\116\110\377\037\147\011\116\300\116\110\136\224\165\050\127\072\146\157\377\037}{chapter.16}% 166
\BOOKMARK [1][-]{section.16.13}{\376\377\0001\0003\000.\000\040\0001\0006\000.\0001\0002\000\040\155\361\136\246\133\146\116\140\116\055\166\204\167\345\213\306\126\376\214\061\147\011\124\352\116\233\136\070\211\301\152\041\127\213\124\142\377\037}{chapter.16}% 167
\BOOKMARK [1][-]{section.16.14}{\376\377\0001\0004\000.\000\040\0001\0006\000.\0001\0003\000\040\155\361\136\246\133\146\116\140\116\055\166\204\147\072\126\150\177\373\213\321\147\011\124\352\116\233\136\070\211\301\152\041\127\213\124\142\377\037}{chapter.16}% 168
\BOOKMARK [1][-]{section.16.15}{\376\377\0001\0005\000.\000\040\0001\0006\000.\0001\0004\000\040\147\072\126\150\177\373\213\321\166\204\220\032\117\327\133\236\163\260\116\345\123\312\220\350\177\162\217\307\172\013\146\057\140\016\150\067\166\204\124\142\377\037}{chapter.16}% 169
\BOOKMARK [1][-]{section.16.16}{\376\377\0001\0006\000.\000\040\0001\0006\000.\0001\0005\000\040\220\032\117\327\127\060\211\343\221\312\116\000\116\013\145\207\147\054\140\305\141\037\122\006\147\220\146\057\116\300\116\110\377\037\136\070\211\301\166\204\136\224\165\050\127\072\146\157\146\057\377\037}{chapter.16}% 170
\BOOKMARK [1][-]{section.16.17}{\376\377\0001\0007\000.\000\040\0001\0006\000.\0001\0006\000\040\147\000\136\070\165\050\166\204\140\305\141\037\122\006\147\220\152\041\127\213\146\057\116\300\116\110\124\142\377\037\131\202\117\125\137\353\220\037\220\350\177\162\124\142\377\037}{chapter.16}% 171
\BOOKMARK [1][-]{section.16.18}{\376\377\0001\0008\000.\000\040\0001\0006\000.\0001\0007\000\040\220\032\117\327\127\060\211\343\221\312\116\000\116\013\225\356\173\124\174\373\176\337\377\037\133\203\155\265\166\326\124\352\116\233\230\206\127\337\377\037\136\070\211\301\166\204\136\224\165\050\127\072\146\157\146\057\377\037}{chapter.16}% 172
\BOOKMARK [1][-]{section.16.19}{\376\377\0001\0009\000.\000\040\0001\0006\000.\0001\0008\000\040\136\070\211\301\166\204\225\356\173\124\174\373\176\337\152\041\127\213\146\057\116\300\116\110\377\037\131\202\117\125\137\353\220\037\220\350\177\162\124\142\377\037}{chapter.16}% 173
\BOOKMARK [1][-]{section.16.20}{\376\377\0002\0000\000.\000\040\0001\0006\000.\0001\0009\000\040\126\376\120\317\145\207\133\127\165\037\142\020\146\057\116\300\116\110\377\037\133\203\166\204\142\200\147\057\123\237\164\006\146\057\116\300\116\110\377\037}{chapter.16}% 174
\BOOKMARK [1][-]{section.16.21}{\376\377\0002\0001\000.\000\040\0001\0006\000.\0002\0000\000\040\136\070\211\301\166\204\126\376\120\317\145\207\133\127\165\037\142\020\152\041\127\213\146\057\116\300\116\110\377\037}{chapter.16}% 175
\BOOKMARK [1][-]{section.16.22}{\376\377\0002\0002\000.\000\040\0001\0006\000.\0002\0001\000\040\000N\000L\000P\000\040\166\204\145\340\166\321\167\143\133\146\116\140\123\321\134\125\122\250\140\001\146\057\140\016\150\067\166\204\377\037\147\011\124\352\116\233\230\206\127\337\127\050\134\035\213\325\145\340\166\321\167\143\133\146\116\140\377\037}{chapter.16}% 176
\BOOKMARK [1][-]{section.16.23}{\376\377\0002\0003\000.\000\040\0001\0006\000.\0002\0002\000\040\000N\000L\000P\000\040\124\214\137\072\123\026\133\146\116\140\166\204\176\323\124\010\145\271\137\017\146\057\140\016\150\067\166\204\377\037\147\011\124\352\116\233\145\271\124\021\127\050\134\035\213\325\137\072\123\026\133\146\116\140\377\037}{chapter.16}% 177
\BOOKMARK [1][-]{section.16.24}{\376\377\0002\0004\000.\000\040\0001\0006\000.\0002\0003\000\040\000N\000L\000P\000\040\124\214\121\103\133\146\116\140\377\037\121\103\133\146\116\140\131\202\117\125\200\375\131\037\124\214\000\040\000N\000L\000P\000\040\176\323\124\010\215\167\147\145\377\037}{chapter.16}% 178
\BOOKMARK [1][-]{section.16.25}{\376\377\0002\0005\000.\000\040\0001\0006\000.\0002\0004\000\040\200\375\213\364\116\000\116\013\124\004\201\352\230\206\127\337\147\000\136\070\165\050\116\024\136\070\211\301\166\204\127\372\121\306\152\041\127\213\147\011\124\352\116\233\124\027\377\037}{chapter.16}% 179
\BOOKMARK [0][-]{chapter.17}{\376\377\000C\000h\000a\000p\000t\000e\000r\000\040\0001\0007\000.\000\040\152\041\127\213\123\213\177\051\123\312\171\373\122\250\172\357\220\350\177\162}{}% 180
\BOOKMARK [0][-]{chapter.18}{\376\377\000C\000h\000a\000p\000t\000e\000r\000\040\0001\0008\000.\000\040\173\054\123\101\121\153\172\340\000\137\124\016\172\357\147\266\147\204\220\011\127\213\060\001\171\273\176\277\123\312\133\236\145\366\213\241\173\227}{}% 181
\BOOKMARK [1][-]{section.18.1}{\376\377\0001\000.\000\040\0001\0008\000.\0001\000\040\116\072\116\300\116\110\227\000\211\201\122\006\136\003\137\017\213\241\173\227\377\037}{chapter.18}% 182
\BOOKMARK [1][-]{section.18.5}{\376\377\0005\000.\000\040\0001\0008\000.\0005\000\040\131\202\117\125\217\333\210\114\171\273\176\277\213\241\173\227\377\037}{chapter.18}% 186
\BOOKMARK [1][-]{section.18.6}{\376\377\0006\000.\000\040\0001\0008\000.\0006\000\040\131\202\117\125\117\177\165\050\122\006\136\003\137\017\150\106\147\266\143\320\232\330\152\041\127\213\213\255\176\303\220\037\136\246\377\037}{chapter.18}% 187
\BOOKMARK [1][-]{section.18.7}{\376\377\0007\000.\000\040\0001\0008\000.\0007\000\040\155\361\136\246\133\146\116\140\122\006\136\003\137\017\213\241\173\227\150\106\147\266\131\202\117\125\127\050\171\373\122\250\116\222\200\124\177\121\116\055\136\224\165\050\377\037}{chapter.18}% 188
\BOOKMARK [1][-]{section.18.8}{\376\377\0008\000.\000\040\0001\0008\000.\0008\000\040\131\202\117\125\127\050\116\052\140\047\123\026\143\250\203\120\116\055\136\224\165\050\155\361\136\246\133\146\116\140\122\006\136\003\137\017\150\106\147\266\377\037}{chapter.18}% 189
\BOOKMARK [1][-]{section.18.9}{\376\377\0009\000.\000\040\0001\0008\000.\0009\000\040\131\202\117\125\213\304\116\367\116\052\140\047\123\026\143\250\203\120\174\373\176\337\166\204\145\110\147\234\377\037}{chapter.18}% 190
\BOOKMARK [0][-]{chapter.19}{\376\377\000C\000h\000a\000p\000t\000e\000r\000\040\0001\0009\000.\000\040\173\054\123\101\121\153\172\340\000\040\124\016\172\357\147\266\147\204\220\011\127\213\123\312\136\224\165\050\127\072\146\157}{}% 191
\BOOKMARK [1][-]{section.19.1}{\376\377\0001\000.\000\040\0001\0008\000.\0001\000\040\116\072\116\300\116\110\227\000\211\201\122\006\136\003\137\017\213\241\173\227\377\037}{chapter.19}% 192
\BOOKMARK [1][-]{section.19.4}{\376\377\0004\000.\000\040\0001\0008\000.\0004\000\040\131\202\117\125\217\333\210\114\171\273\176\277\213\241\173\227\377\037}{chapter.19}% 195
\BOOKMARK [1][-]{section.19.5}{\376\377\0005\000.\000\040\0001\0008\000.\0005\000\040\131\202\117\125\213\276\213\241\116\000\116\052\116\272\147\072\116\244\116\222\174\373\176\337\377\037}{chapter.19}% 196
\BOOKMARK [1][-]{section.19.6}{\376\377\0006\000.\000\040\0001\0008\000.\0006\000\040\131\202\117\125\213\276\213\241\116\052\140\047\123\026\143\250\203\120\174\373\176\337\377\037}{chapter.19}% 197
